    Updating crates.io index
  Installing tauri-driver v2.0.5
    Updating crates.io index
    Updating crates.io index
   Compiling proc-macro2 v1.0.92
   Compiling unicode-ident v1.0.14
   Compiling windows_x86_64_msvc v0.52.6
   Compiling autocfg v1.4.0
   Compiling pin-project-lite v0.2.16
   Compiling futures-sink v0.3.31
   Compiling futures-core v0.3.31
   Compiling futures-channel v0.3.31
   Compiling slab v0.4.9
   Compiling itoa v1.0.14
   Compiling memchr v2.7.4
   Compiling windows-targets v0.52.6
   Compiling pin-utils v0.1.0
   Compiling windows_x86_64_msvc v0.53.0
   Compiling windows-sys v0.52.0
   Compiling quote v1.0.38
   Compiling syn v2.0.95
   Compiling fnv v1.0.7
   Compiling bytes v1.11.1
   Compiling futures-io v0.3.31
   Compiling futures-task v0.3.31
   Compiling serde_core v1.0.228
   Compiling http v1.3.1
   Compiling httparse v1.9.5
   Compiling mio v1.0.3
   Compiling socket2 v0.5.8
   Compiling http-body v1.0.1
   Compiling windows-targets v0.53.2
   Compiling libc v0.2.178
   Compiling once_cell v1.20.2
   Compiling try-lock v0.2.5
   Compiling thiserror v1.0.69
   Compiling want v0.3.1
   Compiling tracing-core v0.1.33
   Compiling windows-sys v0.60.2
   Compiling futures-macro v0.3.31
   Compiling tokio-macros v2.5.0
   Compiling thiserror-impl v1.0.69
   Compiling futures-util v0.3.31
   Compiling tokio v1.45.1
   Compiling windows-core v0.52.0
   Compiling anyhow v1.0.95
   Compiling serde v1.0.228
   Compiling httpdate v1.0.3
   Compiling serde_json v1.0.145
   Compiling atomic-waker v1.1.2
   Compiling smallvec v1.13.2
   Compiling futures-executor v0.3.31
   Compiling hyper v1.8.1
   Compiling windows v0.52.0
   Compiling socket2 v0.6.1
   Compiling serde_derive v1.0.228
   Compiling tracing v0.1.41
   Compiling env_home v0.1.0
   Compiling ryu v1.0.18
   Compiling tower-service v0.3.3
   Compiling winsafe v0.0.19
   Compiling hyper-util v0.1.19
   Compiling win32job v2.0.0
   Compiling futures v0.3.31
   Compiling http-body-util v0.1.2
   Compiling which v8.0.0
   Compiling pico-args v0.5.0
   Compiling tauri-driver v2.0.5
    Finished `release` profile [optimized] target(s) in 38.08s
  Installing C:\Users\runneradmin\.cargo\bin\tauri-driver.exe
   Installed package `tauri-driver v2.0.5` (executable `tauri-driver.exe`)
