
> waypoint@0.1.17 build
> vite build

▲ [WARNING] Cannot find base config file "./.svelte-kit/tsconfig.json" [tsconfig.json]

    tsconfig.json:2:13:
      2 │   "extends": "./.svelte-kit/tsconfig.json",
        ╵              ~~~~~~~~~~~~~~~~~~~~~~~~~~~~~

[36mvite v6.4.2 [32mbuilding SSR bundle for production...[36m[39m
transforming...
1:54:15 PM [vite-plugin-svelte] src/windows/note/Editor.svelte:69:0 Self-closing HTML tags for non-void elements are ambiguous — use `<div ...></div>` rather than `<div ... />`
https://svelte.dev/e/element_invalid_self_closing_tag
67: </script>
68: 
69: <div class="editor-wrap" bind:this={element} />
                                                   ^
70: 
71: <style>
1:54:15 PM [vite-plugin-svelte] src/windows/note/Toolbar.svelte:31:2 Self-closing HTML tags for non-void elements are ambiguous — use `<span ...></span>` rather than `<span ... />`
https://svelte.dev/e/element_invalid_self_closing_tag
29:     on:click={() => cmd(() => editor!.chain().focus().toggleStrike().run())}
30:     title="Strikethrough"><s>S</s></button>
31:   <span class="sep" />
                          ^
32:   <button
33:     class:active={editor?.isActive("heading", { level: 1 })}
1:54:15 PM [vite-plugin-svelte] src/windows/note/Toolbar.svelte:44:2 Self-closing HTML tags for non-void elements are ambiguous — use `<span ...></span>` rather than `<span ... />`
https://svelte.dev/e/element_invalid_self_closing_tag
42:     on:click={() => cmd(() => editor!.chain().focus().toggleHeading({ level: 3 }).run())}
43:     title="Heading 3">H3</button>
44:   <span class="sep" />
                          ^
45:   <button
46:     class:active={editor?.isActive("bulletList")}
1:54:15 PM [vite-plugin-svelte] src/windows/note/Toolbar.svelte:57:2 Self-closing HTML tags for non-void elements are ambiguous — use `<span ...></span>` rather than `<span ... />`
https://svelte.dev/e/element_invalid_self_closing_tag
55:     on:click={() => cmd(() => editor!.chain().focus().toggleCodeBlock().run())}
56:     title="Code block">&lt;/&gt;</button>
57:   <span class="spacer" />
                             ^
58:   <button class="settings-btn" on:click={onOpenSettings} title="設定">⚙</button>
59: </div>
1:54:15 PM [vite-plugin-svelte] src/windows/note/SettingsPanel.svelte:20:4 A form label must be associated with a control
https://svelte.dev/e/a11y_label_has_associated_control
18: <div class="settings-panel">
19:   <div class="setting-row">
20:     <label>字體大小</label>
                           ^
21:     <div class="number-input">
22:       <button on:click={() => update({ fontSize: Math.max(8, settings.fontSize - 1) })}>-</button>
1:54:15 PM [vite-plugin-svelte] src/windows/DraggableTitlebar.svelte:15:0 `<div>` with a mousedown handler must have an ARIA role
https://svelte.dev/e/a11y_no_static_element_interactions
13: </script>
14: 
15: <div class="draggable-titlebar titlebar" data-tauri-drag-region on:mousedown={handleMousedown}>
          ^
16:   <slot />
17: </div>
1:54:15 PM [vite-plugin-svelte] src/windows/list/ContextSection.svelte:97:2 `<div>` with a contextmenu handler must have an ARIA role
https://svelte.dev/e/a11y_no_static_element_interactions
 95: 
 96: <div class="section">
 97:   <div class="section-header" on:contextmenu={showContextMenu}>
             ^
 98:     <span class="section-label">{contextId} 筆記</span>
 99:     <button class="add-btn" on:click|stopPropagation={addNote} title="新增筆記">+</button>
1:54:15 PM [vite-plugin-svelte] src/windows/list/ContextSection.svelte:124:2 Visible, non-interactive elements with a click event must be accompanied by a keyboard event handler. Consider whether an interactive element such as `<button type="button">` or `<a>` might be more appropriate
https://svelte.dev/e/a11y_click_events_have_key_events
122: 
123: {#if menuVisible}
124:   <div
            ^
125:     class="context-menu"
126:     style="left:{menuX}px;top:{menuY}px"
1:54:15 PM [vite-plugin-svelte] src/windows/list/ContextSection.svelte:124:2 `<div>` with a click handler must have an ARIA role
https://svelte.dev/e/a11y_no_static_element_interactions
122: 
123: {#if menuVisible}
124:   <div
            ^
125:     class="context-menu"
126:     style="left:{menuX}px;top:{menuY}px"
1:54:15 PM [vite-plugin-svelte] src/windows/list/ContextSection.svelte:131:4 Self-closing HTML tags for non-void elements are ambiguous — use `<div ...></div>` rather than `<div ... />`
https://svelte.dev/e/element_invalid_self_closing_tag
129:     <button on:click={() => setMatchBy("process")}>識別方式：程序名稱</button>
130:     <button on:click={() => setMatchBy("title")}>識別方式：視窗標題</button>
131:     <div class="divider" />
                                ^
132:     {#if !showAliasInput}
133:       <button on:click={() => showAliasInput = true}>對應到現有 context...</button>
1:54:15 PM [vite-plugin-svelte] src/windows/list/ContextSection.svelte:143:4 Self-closing HTML tags for non-void elements are ambiguous — use `<div ...></div>` rather than `<div ... />`
https://svelte.dev/e/element_invalid_self_closing_tag
141:       <button on:click={() => aliasTarget && setAlias(aliasTarget)}>確認</button>
142:     {/if}
143:     <div class="divider" />
                                ^
144:     {#if !showRenameInput}
145:       <button on:click={() => { showRenameInput = true; newContextName = contextId; }}>重新命名</button>
1:54:15 PM [vite-plugin-svelte] src/windows/list/ContextSection.svelte:155:4 Self-closing HTML tags for non-void elements are ambiguous — use `<div ...></div>` rather than `<div ... />`
https://svelte.dev/e/element_invalid_self_closing_tag
153:       <button on:click={renameCtx}>確認</button>
154:     {/if}
155:     <div class="divider" />
                                ^
156:     <button class="danger" on:click={deleteCtx}>刪除此 context</button>
157:   </div>
1:54:15 PM [vite-plugin-svelte] src/windows/list/NoteItem.svelte:131:6 Avoid using autofocus
https://svelte.dev/e/a11y_autofocus
129:       }}
130:       on:blur={submitRename}
131:       autofocus
                    ^
132:     />
133:   </div>
1:54:15 PM [vite-plugin-svelte] src/windows/list/NoteItem.svelte:155:2 Visible, non-interactive elements with a click event must be accompanied by a keyboard event handler. Consider whether an interactive element such as `<button type="button">` or `<a>` might be more appropriate
https://svelte.dev/e/a11y_click_events_have_key_events
153: 
154: {#if menuVisible}
155:   <div class="context-menu" style="left:{menuX}px;top:{menuY}px" on:click|stopPropagation={() => {}}>
             ^
156:     <button on:click={startRename}>重新命名…</button>
157:     <div class="divider" />
1:54:15 PM [vite-plugin-svelte] src/windows/list/NoteItem.svelte:155:2 `<div>` with a click handler must have an ARIA role
https://svelte.dev/e/a11y_no_static_element_interactions
153: 
154: {#if menuVisible}
155:   <div class="context-menu" style="left:{menuX}px;top:{menuY}px" on:click|stopPropagation={() => {}}>
             ^
156:     <button on:click={startRename}>重新命名…</button>
157:     <div class="divider" />
1:54:15 PM [vite-plugin-svelte] src/windows/list/NoteItem.svelte:157:4 Self-closing HTML tags for non-void elements are ambiguous — use `<div ...></div>` rather than `<div ... />`
https://svelte.dev/e/element_invalid_self_closing_tag
155:   <div class="context-menu" style="left:{menuX}px;top:{menuY}px" on:click|stopPropagation={() => {}}>
156:     <button on:click={startRename}>重新命名…</button>
157:     <div class="divider" />
                                ^
158:     {#if submenu !== "copy"}
159:       <button on:click={() => submenu = "copy"}>複製到 ▸</button>
1:54:15 PM [vite-plugin-svelte] src/windows/list/NoteItem.svelte:176:4 Self-closing HTML tags for non-void elements are ambiguous — use `<div ...></div>` rather than `<div ... />`
https://svelte.dev/e/element_invalid_self_closing_tag
174:       {/each}
175:     {/if}
176:     <div class="divider" />
                                ^
177:     <button class="danger" on:click={doDelete}>刪除筆記</button>
178:   </div>
1:54:15 PM [vite-plugin-svelte] src/windows/list/ConfirmDialog.svelte:9:0 Visible, non-interactive elements with a click event must be accompanied by a keyboard event handler. Consider whether an interactive element such as `<button type="button">` or `<a>` might be more appropriate
https://svelte.dev/e/a11y_click_events_have_key_events
 7: </script>
 8: 
 9: <div class="overlay" on:click={onCancel}>
          ^
10:   <div class="dialog" on:click|stopPropagation={() => {}}>
11:     <p class="msg">{message}</p>
1:54:15 PM [vite-plugin-svelte] src/windows/list/ConfirmDialog.svelte:9:0 `<div>` with a click handler must have an ARIA role
https://svelte.dev/e/a11y_no_static_element_interactions
 7: </script>
 8: 
 9: <div class="overlay" on:click={onCancel}>
          ^
10:   <div class="dialog" on:click|stopPropagation={() => {}}>
11:     <p class="msg">{message}</p>
1:54:15 PM [vite-plugin-svelte] src/windows/list/ConfirmDialog.svelte:10:2 Visible, non-interactive elements with a click event must be accompanied by a keyboard event handler. Consider whether an interactive element such as `<button type="button">` or `<a>` might be more appropriate
https://svelte.dev/e/a11y_click_events_have_key_events
 8: 
 9: <div class="overlay" on:click={onCancel}>
10:   <div class="dialog" on:click|stopPropagation={() => {}}>
            ^
11:     <p class="msg">{message}</p>
12:     <button class="danger" on:click={onConfirm}>{confirmText}</button>
1:54:15 PM [vite-plugin-svelte] src/windows/list/ConfirmDialog.svelte:10:2 `<div>` with a click handler must have an ARIA role
https://svelte.dev/e/a11y_no_static_element_interactions
 8: 
 9: <div class="overlay" on:click={onCancel}>
10:   <div class="dialog" on:click|stopPropagation={() => {}}>
            ^
11:     <p class="msg">{message}</p>
12:     <button class="danger" on:click={onConfirm}>{confirmText}</button>
[32m✓[39m 173 modules transformed.
rendering chunks...
[36mvite v6.4.2 [32mbuilding for production...[36m[39m
transforming...
1:54:17 PM [vite-plugin-svelte] src/windows/DraggableTitlebar.svelte:15:0 `<div>` with a mousedown handler must have an ARIA role
https://svelte.dev/e/a11y_no_static_element_interactions
13: </script>
14: 
15: <div class="draggable-titlebar titlebar" data-tauri-drag-region on:mousedown={handleMousedown}>
          ^
16:   <slot />
17: </div>
1:54:17 PM [vite-plugin-svelte] src/windows/note/Editor.svelte:69:0 Self-closing HTML tags for non-void elements are ambiguous — use `<div ...></div>` rather than `<div ... />`
https://svelte.dev/e/element_invalid_self_closing_tag
67: </script>
68: 
69: <div class="editor-wrap" bind:this={element} />
                                                   ^
70: 
71: <style>
1:54:17 PM [vite-plugin-svelte] src/windows/note/Toolbar.svelte:31:2 Self-closing HTML tags for non-void elements are ambiguous — use `<span ...></span>` rather than `<span ... />`
https://svelte.dev/e/element_invalid_self_closing_tag
29:     on:click={() => cmd(() => editor!.chain().focus().toggleStrike().run())}
30:     title="Strikethrough"><s>S</s></button>
31:   <span class="sep" />
                          ^
32:   <button
33:     class:active={editor?.isActive("heading", { level: 1 })}
1:54:17 PM [vite-plugin-svelte] src/windows/note/Toolbar.svelte:44:2 Self-closing HTML tags for non-void elements are ambiguous — use `<span ...></span>` rather than `<span ... />`
https://svelte.dev/e/element_invalid_self_closing_tag
42:     on:click={() => cmd(() => editor!.chain().focus().toggleHeading({ level: 3 }).run())}
43:     title="Heading 3">H3</button>
44:   <span class="sep" />
                          ^
45:   <button
46:     class:active={editor?.isActive("bulletList")}
1:54:17 PM [vite-plugin-svelte] src/windows/note/Toolbar.svelte:57:2 Self-closing HTML tags for non-void elements are ambiguous — use `<span ...></span>` rather than `<span ... />`
https://svelte.dev/e/element_invalid_self_closing_tag
55:     on:click={() => cmd(() => editor!.chain().focus().toggleCodeBlock().run())}
56:     title="Code block">&lt;/&gt;</button>
57:   <span class="spacer" />
                             ^
58:   <button class="settings-btn" on:click={onOpenSettings} title="設定">⚙</button>
59: </div>
1:54:17 PM [vite-plugin-svelte] src/windows/note/SettingsPanel.svelte:20:4 A form label must be associated with a control
https://svelte.dev/e/a11y_label_has_associated_control
18: <div class="settings-panel">
19:   <div class="setting-row">
20:     <label>字體大小</label>
                           ^
21:     <div class="number-input">
22:       <button on:click={() => update({ fontSize: Math.max(8, settings.fontSize - 1) })}>-</button>
1:54:17 PM [vite-plugin-svelte] src/windows/list/ContextSection.svelte:97:2 `<div>` with a contextmenu handler must have an ARIA role
https://svelte.dev/e/a11y_no_static_element_interactions
 95: 
 96: <div class="section">
 97:   <div class="section-header" on:contextmenu={showContextMenu}>
             ^
 98:     <span class="section-label">{contextId} 筆記</span>
 99:     <button class="add-btn" on:click|stopPropagation={addNote} title="新增筆記">+</button>
1:54:17 PM [vite-plugin-svelte] src/windows/list/ContextSection.svelte:124:2 Visible, non-interactive elements with a click event must be accompanied by a keyboard event handler. Consider whether an interactive element such as `<button type="button">` or `<a>` might be more appropriate
https://svelte.dev/e/a11y_click_events_have_key_events
122: 
123: {#if menuVisible}
124:   <div
            ^
125:     class="context-menu"
126:     style="left:{menuX}px;top:{menuY}px"
1:54:17 PM [vite-plugin-svelte] src/windows/list/ContextSection.svelte:124:2 `<div>` with a click handler must have an ARIA role
https://svelte.dev/e/a11y_no_static_element_interactions
122: 
123: {#if menuVisible}
124:   <div
            ^
125:     class="context-menu"
126:     style="left:{menuX}px;top:{menuY}px"
1:54:17 PM [vite-plugin-svelte] src/windows/list/ContextSection.svelte:131:4 Self-closing HTML tags for non-void elements are ambiguous — use `<div ...></div>` rather than `<div ... />`
https://svelte.dev/e/element_invalid_self_closing_tag
129:     <button on:click={() => setMatchBy("process")}>識別方式：程序名稱</button>
130:     <button on:click={() => setMatchBy("title")}>識別方式：視窗標題</button>
131:     <div class="divider" />
                                ^
132:     {#if !showAliasInput}
133:       <button on:click={() => showAliasInput = true}>對應到現有 context...</button>
1:54:17 PM [vite-plugin-svelte] src/windows/list/ContextSection.svelte:143:4 Self-closing HTML tags for non-void elements are ambiguous — use `<div ...></div>` rather than `<div ... />`
https://svelte.dev/e/element_invalid_self_closing_tag
141:       <button on:click={() => aliasTarget && setAlias(aliasTarget)}>確認</button>
142:     {/if}
143:     <div class="divider" />
                                ^
144:     {#if !showRenameInput}
145:       <button on:click={() => { showRenameInput = true; newContextName = contextId; }}>重新命名</button>
1:54:17 PM [vite-plugin-svelte] src/windows/list/ContextSection.svelte:155:4 Self-closing HTML tags for non-void elements are ambiguous — use `<div ...></div>` rather than `<div ... />`
https://svelte.dev/e/element_invalid_self_closing_tag
153:       <button on:click={renameCtx}>確認</button>
154:     {/if}
155:     <div class="divider" />
                                ^
156:     <button class="danger" on:click={deleteCtx}>刪除此 context</button>
157:   </div>
1:54:18 PM [vite-plugin-svelte] src/windows/list/NoteItem.svelte:131:6 Avoid using autofocus
https://svelte.dev/e/a11y_autofocus
129:       }}
130:       on:blur={submitRename}
131:       autofocus
                    ^
132:     />
133:   </div>
1:54:18 PM [vite-plugin-svelte] src/windows/list/NoteItem.svelte:155:2 Visible, non-interactive elements with a click event must be accompanied by a keyboard event handler. Consider whether an interactive element such as `<button type="button">` or `<a>` might be more appropriate
https://svelte.dev/e/a11y_click_events_have_key_events
153: 
154: {#if menuVisible}
155:   <div class="context-menu" style="left:{menuX}px;top:{menuY}px" on:click|stopPropagation={() => {}}>
             ^
156:     <button on:click={startRename}>重新命名…</button>
157:     <div class="divider" />
1:54:18 PM [vite-plugin-svelte] src/windows/list/NoteItem.svelte:155:2 `<div>` with a click handler must have an ARIA role
https://svelte.dev/e/a11y_no_static_element_interactions
153: 
154: {#if menuVisible}
155:   <div class="context-menu" style="left:{menuX}px;top:{menuY}px" on:click|stopPropagation={() => {}}>
             ^
156:     <button on:click={startRename}>重新命名…</button>
157:     <div class="divider" />
1:54:18 PM [vite-plugin-svelte] src/windows/list/NoteItem.svelte:157:4 Self-closing HTML tags for non-void elements are ambiguous — use `<div ...></div>` rather than `<div ... />`
https://svelte.dev/e/element_invalid_self_closing_tag
155:   <div class="context-menu" style="left:{menuX}px;top:{menuY}px" on:click|stopPropagation={() => {}}>
156:     <button on:click={startRename}>重新命名…</button>
157:     <div class="divider" />
                                ^
158:     {#if submenu !== "copy"}
159:       <button on:click={() => submenu = "copy"}>複製到 ▸</button>
1:54:18 PM [vite-plugin-svelte] src/windows/list/NoteItem.svelte:176:4 Self-closing HTML tags for non-void elements are ambiguous — use `<div ...></div>` rather than `<div ... />`
https://svelte.dev/e/element_invalid_self_closing_tag
174:       {/each}
175:     {/if}
176:     <div class="divider" />
                                ^
177:     <button class="danger" on:click={doDelete}>刪除筆記</button>
178:   </div>
1:54:18 PM [vite-plugin-svelte] src/windows/list/ConfirmDialog.svelte:9:0 Visible, non-interactive elements with a click event must be accompanied by a keyboard event handler. Consider whether an interactive element such as `<button type="button">` or `<a>` might be more appropriate
https://svelte.dev/e/a11y_click_events_have_key_events
 7: </script>
 8: 
 9: <div class="overlay" on:click={onCancel}>
          ^
10:   <div class="dialog" on:click|stopPropagation={() => {}}>
11:     <p class="msg">{message}</p>
1:54:18 PM [vite-plugin-svelte] src/windows/list/ConfirmDialog.svelte:9:0 `<div>` with a click handler must have an ARIA role
https://svelte.dev/e/a11y_no_static_element_interactions
 7: </script>
 8: 
 9: <div class="overlay" on:click={onCancel}>
          ^
10:   <div class="dialog" on:click|stopPropagation={() => {}}>
11:     <p class="msg">{message}</p>
1:54:18 PM [vite-plugin-svelte] src/windows/list/ConfirmDialog.svelte:10:2 Visible, non-interactive elements with a click event must be accompanied by a keyboard event handler. Consider whether an interactive element such as `<button type="button">` or `<a>` might be more appropriate
https://svelte.dev/e/a11y_click_events_have_key_events
 8: 
 9: <div class="overlay" on:click={onCancel}>
10:   <div class="dialog" on:click|stopPropagation={() => {}}>
            ^
11:     <p class="msg">{message}</p>
12:     <button class="danger" on:click={onConfirm}>{confirmText}</button>
1:54:18 PM [vite-plugin-svelte] src/windows/list/ConfirmDialog.svelte:10:2 `<div>` with a click handler must have an ARIA role
https://svelte.dev/e/a11y_no_static_element_interactions
 8: 
 9: <div class="overlay" on:click={onCancel}>
10:   <div class="dialog" on:click|stopPropagation={() => {}}>
            ^
11:     <p class="msg">{message}</p>
12:     <button class="danger" on:click={onConfirm}>{confirmText}</button>
[32m✓[39m 442 modules transformed.
rendering chunks...
[plugin vite:reporter] 
(!) D:/a/waypoint/waypoint/waypoint/node_modules/@tauri-apps/api/core.js is dynamically imported by D:/a/waypoint/waypoint/waypoint/src/windows/ListWindow.svelte but also statically imported by D:/a/waypoint/waypoint/waypoint/node_modules/@tauri-apps/api/event.js, D:/a/waypoint/waypoint/waypoint/src/lib/api.ts, dynamic import will not move module into another chunk.

computing gzip size...
[2m.svelte-kit/output/client/[22m[32m_app/version.json                       [39m[1m[2m  0.03 kB[22m[1m[22m[2m │ gzip:   0.05 kB[22m
[2m.svelte-kit/output/client/[22m[32m.vite/manifest.json                     [39m[1m[2m  3.09 kB[22m[1m[22m[2m │ gzip:   0.60 kB[22m
[2m.svelte-kit/output/client/[22m[35m_app/immutable/assets/0.CkmnEqie.css    [39m[1m[2m  1.38 kB[22m[1m[22m[2m │ gzip:   0.58 kB[22m
[2m.svelte-kit/output/client/[22m[35m_app/immutable/assets/2.CZVo7hnm.css    [39m[1m[2m 12.00 kB[22m[1m[22m[2m │ gzip:   2.48 kB[22m
[2m.svelte-kit/output/client/[22m[36m_app/immutable/entry/start.B-AkkbLp.js  [39m[1m[2m  0.08 kB[22m[1m[22m[2m │ gzip:   0.09 kB[22m
[2m.svelte-kit/output/client/[22m[36m_app/immutable/chunks/C9OVhmEN.js       [39m[1m[2m  0.20 kB[22m[1m[22m[2m │ gzip:   0.18 kB[22m
[2m.svelte-kit/output/client/[22m[36m_app/immutable/nodes/0.D7mbmQ2z.js      [39m[1m[2m  0.34 kB[22m[1m[22m[2m │ gzip:   0.26 kB[22m
[2m.svelte-kit/output/client/[22m[36m_app/immutable/nodes/1.CotQDiHt.js      [39m[1m[2m  0.54 kB[22m[1m[22m[2m │ gzip:   0.34 kB[22m
[2m.svelte-kit/output/client/[22m[36m_app/immutable/chunks/DwxfgNgC.js       [39m[1m[2m  1.30 kB[22m[1m[22m[2m │ gzip:   0.71 kB[22m
[2m.svelte-kit/output/client/[22m[36m_app/immutable/chunks/DnwWQDu8.js       [39m[1m[2m  1.32 kB[22m[1m[22m[2m │ gzip:   0.73 kB[22m
[2m.svelte-kit/output/client/[22m[36m_app/immutable/entry/app.Czs33DEW.js    [39m[1m[2m  4.97 kB[22m[1m[22m[2m │ gzip:   2.25 kB[22m
[2m.svelte-kit/output/client/[22m[36m_app/immutable/chunks/CXr6ktTA.js       [39m[1m[2m  5.79 kB[22m[1m[22m[2m │ gzip:   2.72 kB[22m
[2m.svelte-kit/output/client/[22m[36m_app/immutable/chunks/D9elXV-C.js       [39m[1m[2m  8.22 kB[22m[1m[22m[2m │ gzip:   3.49 kB[22m
[2m.svelte-kit/output/client/[22m[36m_app/immutable/chunks/BrvQaNFF.js       [39m[1m[2m 26.84 kB[22m[1m[22m[2m │ gzip:  10.42 kB[22m
[2m.svelte-kit/output/client/[22m[36m_app/immutable/chunks/BFvGuk5L.js       [39m[1m[2m 28.07 kB[22m[1m[22m[2m │ gzip:  10.84 kB[22m
[2m.svelte-kit/output/client/[22m[36m_app/immutable/nodes/2.ICZczLo8.js      [39m[1m[33m679.13 kB[39m[22m[2m │ gzip: 215.25 kB[22m

(!) Some chunks are larger than 500 kB after minification. Consider:
- Using dynamic import() to code-split the application
- Use build.rollupOptions.output.manualChunks to improve chunking: https://rollupjs.org/configuration-options/#output-manualchunks
- Adjust chunk size limit for this warning via build.chunkSizeWarningLimit.
[32m✓ built in 3.42s[39m
[2m.svelte-kit/output/server/[22m[32m.vite/manifest.json                         [39m[1m[2m  3.18 kB[22m[1m[22m
[2m.svelte-kit/output/server/[22m[35m_app/immutable/assets/_layout.lky48kXk.css  [39m[1m[2m  1.36 kB[22m[1m[22m
[2m.svelte-kit/output/server/[22m[35m_app/immutable/assets/_page.DJoPwtFd.css    [39m[1m[2m  8.20 kB[22m[1m[22m
[2m.svelte-kit/output/server/[22m[36mentries/pages/_layout.ts.js                 [39m[1m[2m  0.04 kB[22m[1m[22m
[2m.svelte-kit/output/server/[22m[36mentries/pages/_layout.svelte.js             [39m[1m[2m  0.24 kB[22m[1m[22m
[2m.svelte-kit/output/server/[22m[36minternal.js                                 [39m[1m[2m  0.35 kB[22m[1m[22m
[2m.svelte-kit/output/server/[22m[36mchunks/environment.js                       [39m[1m[2m  0.62 kB[22m[1m[22m
[2m.svelte-kit/output/server/[22m[36mchunks/utils.js                             [39m[1m[2m  1.15 kB[22m[1m[22m
[2m.svelte-kit/output/server/[22m[36mentries/fallbacks/error.svelte.js           [39m[1m[2m  1.41 kB[22m[1m[22m
[2m.svelte-kit/output/server/[22m[36mchunks/index.js                             [39m[1m[2m  1.42 kB[22m[1m[22m
[2m.svelte-kit/output/server/[22m[36mchunks/render-context.js                    [39m[1m[2m  1.97 kB[22m[1m[22m
[2m.svelte-kit/output/server/[22m[36mchunks/internal.js                          [39m[1m[2m  3.45 kB[22m[1m[22m
[2m.svelte-kit/output/server/[22m[36mchunks/exports.js                           [39m[1m[2m  5.54 kB[22m[1m[22m
[2m.svelte-kit/output/server/[22m[36mentries/pages/_page.svelte.js               [39m[1m[2m 12.56 kB[22m[1m[22m
[2m.svelte-kit/output/server/[22m[36mremote-entry.js                             [39m[1m[2m 24.22 kB[22m[1m[22m
[2m.svelte-kit/output/server/[22m[36mchunks/root.js                              [39m[1m[2m 28.24 kB[22m[1m[22m
[2m.svelte-kit/output/server/[22m[36mchunks/shared.js                            [39m[1m[2m 33.63 kB[22m[1m[22m
[2m.svelte-kit/output/server/[22m[36mchunks/renderer.js                          [39m[1m[2m 93.92 kB[22m[1m[22m
[2m.svelte-kit/output/server/[22m[36mindex.js                                    [39m[1m[2m127.28 kB[22m[1m[22m
[32m✓ built in 7.16s[39m

Run npm run preview to preview your production build locally.

> Using @sveltejs/adapter-static
  Wrote site to "dist"
  ✔ done
